0 info it worked if it ends with ok
1 verbose cli [
1 verbose cli   '/Users/svetlanagorodilova/node_modules/node/bin/node',
1 verbose cli   '/Users/svetlanagorodilova/node_modules/.bin/npm',
1 verbose cli   'run',
1 verbose cli   'seed'
1 verbose cli ]
2 info using npm@2.15.12
3 info using node@v23.1.0
4 verbose run-script [ 'preseed', 'seed', 'postseed' ]
5 info preseed special-leter-backend@1.0.0
6 info seed special-leter-backend@1.0.0
7 verbose unsafe-perm in lifecycle true
8 info special-leter-backend@1.0.0 Failed to exec seed script
9 verbose stack Error: special-leter-backend@1.0.0 seed: `node db/seeds/seed.js`
9 verbose stack Exit status 1
9 verbose stack     at EventEmitter.<anonymous> (/Users/svetlanagorodilova/node_modules/npm/lib/utils/lifecycle.js:217:16)
9 verbose stack     at EventEmitter.emit (node:events:507:28)
9 verbose stack     at ChildProcess.<anonymous> (/Users/svetlanagorodilova/node_modules/npm/lib/utils/spawn.js:24:14)
9 verbose stack     at ChildProcess.emit (node:events:507:28)
9 verbose stack     at maybeClose (node:internal/child_process:1101:16)
9 verbose stack     at ChildProcess._handle.onexit (node:internal/child_process:305:5)
10 verbose pkgid special-leter-backend@1.0.0
11 verbose cwd /Users/svetlanagorodilova/w/special-leter-backend
12 error Darwin 23.6.0
13 error argv "/Users/svetlanagorodilova/node_modules/node/bin/node" "/Users/svetlanagorodilova/node_modules/.bin/npm" "run" "seed"
14 error node v23.1.0
15 error npm  v2.15.12
16 error code ELIFECYCLE
17 error special-leter-backend@1.0.0 seed: `node db/seeds/seed.js`
17 error Exit status 1
18 error Failed at the special-leter-backend@1.0.0 seed script 'node db/seeds/seed.js'.
18 error This is most likely a problem with the special-leter-backend package,
18 error not with npm itself.
18 error Tell the author that this fails on your system:
18 error     node db/seeds/seed.js
18 error You can get information on how to open an issue for this project with:
18 error     npm bugs special-leter-backend
18 error Or if that isn't available, you can get their info via:
18 error
18 error     npm owner ls special-leter-backend
18 error There is likely additional logging output above.
19 verbose exit [ 1, true ]
